[    0.000000] Initializing cgroup subsys cpuset
[    0.000000] Initializing cgroup subsys cpu
[    0.000000] Initializing cgroup subsys cpuacct
[    0.000000] Linux version 4.4.0-22-generic (buildd@lgw01-41) (gcc version 5.3.1 20160413 (Ubuntu 5.3.1-14ubuntu2) ) #40-Ubuntu SMP Thu May 12 22:03:46 UTC 2016 (Ubuntu 4.4.0-22.40-generic 4.4.8)
[    0.000000] Command line: BOOT_IMAGE=/boot/vmlinuz-4.4.0-22-generic root=LABEL=cloudimg-rootfs ro console=tty1 console=ttyS0
[    0.000000] KERNEL supported cpus:
[    0.000000]   Intel GenuineIntel
[    0.000000]   AMD AuthenticAMD
[    0.000000]   Centaur CentaurHauls
[    0.000000] x86/fpu: xstate_offset[2]:  576, xstate_sizes[2]:  256
[    0.000000] x86/fpu: Supporting XSAVE feature 0x01: 'x87 floating point registers'
[    0.000000] x86/fpu: Supporting XSAVE feature 0x02: 'SSE registers'
[    0.000000] x86/fpu: Supporting XSAVE feature 0x04: 'AVX registers'
[    0.000000] x86/fpu: Enabled xstate features 0x7, context size is 832 bytes, using 'standard' format.
[    0.000000] x86/fpu: Using 'lazy' FPU context switches.
[    0.000000] e820: BIOS-provided physical RAM map:
[    0.000000] BIOS-e820: [mem 0x0000000000000000-0x000000000009fbff] usable
[    0.000000] BIOS-e820: [mem 0x000000000009fc00-0x000000000009ffff] reserved
[    0.000000] BIOS-e820: [mem 0x00000000000f0000-0x00000000000fffff] reserved
[    0.000000] BIOS-e820: [mem 0x0000000000100000-0x000000000ffeffff] usable
[    0.000000] BIOS-e820: [mem 0x000000000fff0000-0x000000000fffffff] ACPI data
[    0.000000] BIOS-e820: [mem 0x00000000fffc0000-0x00000000ffffffff] reserved
[    0.000000] NX (Execute Disable) protection: active
[    0.000000] SMBIOS 2.5 present.
[    0.000000] Hypervisor detected: KVM
[    0.000000] e820: last_pfn = 0xfff0 max_arch_pfn = 0x400000000
[    0.000000] x86/PAT: Configuration [0-7]: WB  WC  UC- UC  WB  WC  UC- WT  
[    0.000000] MTRR: Disabled
[    0.000000] CPU MTRRs all blank - virtualized system.
[    0.000000] found SMP MP-table at [mem 0x0009fff0-0x0009ffff] mapped at [ffff88000009fff0]
[    0.000000] Scanning 1 areas for low memory corruption
[    0.000000] RAMDISK: [mem 0x0f0c9000-0x0f7e8fff]
[    0.000000] ACPI: Early table checksum verification disabled
[    0.000000] ACPI: RSDP 0x00000000000E0000 000024 (v02 VBOX  )
[    0.000000] ACPI: XSDT 0x000000000FFF0030 00003C (v01 VBOX   VBOXXSDT 00000001 ASL  00000061)
[    0.000000] ACPI: FACP 0x000000000FFF00F0 0000F4 (v04 VBOX   VBOXFACP 00000001 ASL  00000061)
[    0.000000] ACPI: DSDT 0x000000000FFF0470 002106 (v01 VBOX   VBOXBIOS 00000002 INTL 20100528)
[    0.000000] ACPI: FACS 0x000000000FFF0200 000040
[    0.000000] ACPI: FACS 0x000000000FFF0200 000040
[    0.000000] ACPI: APIC 0x000000000FFF0240 000054 (v02 VBOX   VBOXAPIC 00000001 ASL  00000061)
[    0.000000] ACPI: SSDT 0x000000000FFF02A0 0001CC (v01 VBOX   VBOXCPUT 00000002 INTL 20100528)
[    0.000000] No NUMA configuration found
[    0.000000] Faking a node at [mem 0x0000000000000000-0x000000000ffeffff]
[    0.000000] NODE_DATA(0) allocated [mem 0x0ffeb000-0x0ffeffff]
[    0.000000] kvm-clock: Using msrs 4b564d01 and 4b564d00
[    0.000000] kvm-clock: cpu 0, msr 0:ffe7001, primary cpu clock
[    0.000000] kvm-clock: using sched offset of 6936158886 cycles
[    0.000000] clocksource: kvm-clock: mask: 0xffffffffffffffff max_cycles: 0x1cd42e4dffb, max_idle_ns: 881590591483 ns
[    0.000000] Zone ranges:
[    0.000000]   DMA      [mem 0x0000000000001000-0x0000000000ffffff]
[    0.000000]   DMA32    [mem 0x0000000001000000-0x000000000ffeffff]
[    0.000000]   Normal   empty
[    0.000000]   Device   empty
[    0.000000] Movable zone start for each node
[    0.000000] Early memory node ranges
[    0.000000]   node   0: [mem 0x0000000000001000-0x000000000009efff]
[    0.000000]   node   0: [mem 0x0000000000100000-0x000000000ffeffff]
[    0.000000] Initmem setup node 0 [mem 0x0000000000001000-0x000000000ffeffff]
[    0.000000] ACPI: PM-Timer IO Port: 0x4008
[    0.000000] IOAPIC[0]: apic_id 1, version 17, address 0xfec00000, GSI 0-23
[    0.000000] ACPI: INT_SRC_OVR (bus 0 bus_irq 0 global_irq 2 dfl dfl)
[    0.000000] ACPI: INT_SRC_OVR (bus 0 bus_irq 9 global_irq 9 high level)
[    0.000000] Using ACPI (MADT) for SMP configuration information
[    0.000000] smpboot: Allowing 1 CPUs, 0 hotplug CPUs
[    0.000000] PM: Registered nosave memory: [mem 0x00000000-0x00000fff]
[    0.000000] PM: Registered nosave memory: [mem 0x0009f000-0x0009ffff]
[    0.000000] PM: Registered nosave memory: [mem 0x000a0000-0x000effff]
[    0.000000] PM: Registered nosave memory: [mem 0x000f0000-0x000fffff]
[    0.000000] e820: [mem 0x10000000-0xfffbffff] available for PCI devices
[    0.000000] Booting paravirtualized kernel on KVM
[    0.000000] clocksource: refined-jiffies: mask: 0xffffffff max_cycles: 0xffffffff, max_idle_ns: 7645519600211568 ns
[    0.000000] setup_percpu: NR_CPUS:256 nr_cpumask_bits:256 nr_cpu_ids:1 nr_node_ids:1
[    0.000000] PERCPU: Embedded 33 pages/cpu @ffff88000fc00000 s98008 r8192 d28968 u2097152
[    0.000000] PV qspinlock hash table entries: 256 (order: 0, 4096 bytes)
[    0.000000] Built 1 zonelists in Node order, mobility grouping on.  Total pages: 64377
[    0.000000] Policy zone: DMA32
[    0.000000] Kernel command line: BOOT_IMAGE=/boot/vmlinuz-4.4.0-22-generic root=LABEL=cloudimg-rootfs ro console=tty1 console=ttyS0
[    0.000000] PID hash table entries: 1024 (order: 1, 8192 bytes)
[    0.000000] Memory: 231360K/261688K available (8359K kernel code, 1278K rwdata, 3920K rodata, 1480K init, 1292K bss, 30328K reserved, 0K cma-reserved)
[    0.000000] SLUB: HWalign=64, Order=0-3, MinObjects=0, CPUs=1, Nodes=1
[    0.000000] Hierarchical RCU implementation.
[    0.000000] 	Build-time adjustment of leaf fanout to 64.
[    0.000000] 	RCU restricting CPUs from NR_CPUS=256 to nr_cpu_ids=1.
[    0.000000] RCU: Adjusting geometry for rcu_fanout_leaf=64, nr_cpu_ids=1
[    0.000000] NR_IRQS:16640 nr_irqs:256 16
[    0.000000] Console: colour VGA+ 80x25
[    0.000000] console [tty1] enabled
[    0.000000] console [ttyS0] enabled
[    0.000000] tsc: Detected 2000.000 MHz processor
[    1.372197] Calibrating delay loop (skipped) preset value.. 4000.00 BogoMIPS (lpj=8000000)
[    1.386869] pid_max: default: 32768 minimum: 301
[    1.388286] ACPI: Core revision 20150930
[    1.393569] ACPI: 2 ACPI AML tables successfully acquired and loaded
[    1.405757] Security Framework initialized
[    1.408920] Yama: becoming mindful.
[    1.415347] AppArmor: AppArmor initialized
[    1.419932] Dentry cache hash table entries: 32768 (order: 6, 262144 bytes)
[    1.432907] Inode-cache hash table entries: 16384 (order: 5, 131072 bytes)
[    1.451043] Mount-cache hash table entries: 512 (order: 0, 4096 bytes)
[    1.459704] Mountpoint-cache hash table entries: 512 (order: 0, 4096 bytes)
[    1.462304] Initializing cgroup subsys io
[    1.503266] Initializing cgroup subsys memory
[    1.576891] Initializing cgroup subsys devices
[    1.597596] Initializing cgroup subsys freezer
[    1.599027] Initializing cgroup subsys net_cls
[    1.600429] Initializing cgroup subsys perf_event
[    1.602145] Initializing cgroup subsys net_prio
[    1.603588] Initializing cgroup subsys hugetlb
[    1.604919] Initializing cgroup subsys pids
[    1.613603] CPU: Physical Processor ID: 0
[    1.623330] mce: CPU supports 0 MCE banks
[    1.627118] process: using mwait in idle threads
[    1.647448] Last level iTLB entries: 4KB 1024, 2MB 1024, 4MB 1024
[    1.654442] Last level dTLB entries: 4KB 1024, 2MB 1024, 4MB 1024, 1GB 4
[    1.703829] Freeing SMP alternatives memory: 28K (ffffffff820b3000 - ffffffff820ba000)
[    1.800087] ftrace: allocating 31906 entries in 125 pages
[    1.885644] smpboot: Max logical packages: 1
[    1.895998] smpboot: APIC(0) Converting physical 0 to logical package 0
[    1.907703] ..TIMER: vector=0x30 apic1=0 pin1=2 apic2=-1 pin2=-1
[    2.023697] smpboot: CPU0: Intel(R) Core(TM) i5-4260U CPU @ 1.40GHz (family: 0x6, model: 0x45, stepping: 0x1)
[    2.044174] Performance Events: unsupported p6 CPU model 69 no PMU driver, software events only.
[    2.057021] KVM setup paravirtual spinlock
[    2.063627] x86: Booted up 1 node, 1 CPUs
[    2.075229] smpboot: Total of 1 processors activated (4000.00 BogoMIPS)
[    2.085527] devtmpfs: initialized
[    2.097060] evm: security.selinux
[    2.102674] evm: security.SMACK64
[    2.108947] evm: security.SMACK64EXEC
[    2.118563] evm: security.SMACK64TRANSMUTE
[    2.132080] evm: security.SMACK64MMAP
[    2.138646] evm: security.ima
[    2.142518] evm: security.capability
[    2.146490] clocksource: jiffies: mask: 0xffffffff max_cycles: 0xffffffff, max_idle_ns: 7645041785100000 ns
[    2.158109] pinctrl core: initialized pinctrl subsystem
[    2.166569] RTC time: 15:41:15, date: 06/07/16
[    2.176819] NET: Registered protocol family 16
[    2.182696] cpuidle: using governor ladder
[    2.187480] cpuidle: using governor menu
[    2.197814] PCCT header not found.
[    2.209764] ACPI: bus type PCI registered
[    2.221677] acpiphp: ACPI Hot Plug PCI Controller Driver version: 0.5
[    2.233559] PCI: Using configuration type 1 for base access
[    2.248500] ACPI: Added _OSI(Module Device)
[    2.277632] ACPI: Added _OSI(Processor Device)
[    2.289020] ACPI: Added _OSI(3.0 _SCP Extensions)
[    2.300196] ACPI: Added _OSI(Processor Aggregator Device)
[    2.304515] ACPI: Executed 1 blocks of module-level executable AML code
[    2.319973] ACPI: Interpreter enabled
[    2.330398] ACPI Exception: AE_NOT_FOUND, While evaluating Sleep State [\_S1_] (20150930/hwxface-580)
[    2.342639] ACPI Exception: AE_NOT_FOUND, While evaluating Sleep State [\_S2_] (20150930/hwxface-580)
[    2.356137] ACPI Exception: AE_NOT_FOUND, While evaluating Sleep State [\_S3_] (20150930/hwxface-580)
[    2.375791] ACPI Exception: AE_NOT_FOUND, While evaluating Sleep State [\_S4_] (20150930/hwxface-580)
[    2.395004] ACPI: (supports S0 S5)
[    2.405261] ACPI: Using IOAPIC for interrupt routing
[    2.414808] PCI: Using host bridge windows from ACPI; if necessary, use "pci=nocrs" and report a bug
[    2.436151] ACPI: PCI Root Bridge [PCI0] (domain 0000 [bus 00-ff])
[    2.454380] acpi PNP0A03:00: _OSC: OS supports [ASPM ClockPM Segments MSI]
[    2.468920] acpi PNP0A03:00: _OSC failed (AE_NOT_FOUND); disabling ASPM
[    2.588585] acpi PNP0A03:00: fail to add MMCONFIG information, can't access extended PCI configuration space under this bridge.
[    2.610261] PCI host bridge to bus 0000:00
[    2.614878] pci_bus 0000:00: root bus resource [io  0x0000-0x0cf7 window]
[    2.625611] pci_bus 0000:00: root bus resource [io  0x0d00-0xffff window]
[    2.631334] pci_bus 0000:00: root bus resource [mem 0x000a0000-0x000bffff window]
[    2.642615] pci_bus 0000:00: root bus resource [mem 0x10000000-0xffdfffff window]
[    2.658356] pci_bus 0000:00: root bus resource [bus 00-ff]
[    2.667091] pci 0000:00:01.1: legacy IDE quirk: reg 0x10: [io  0x01f0-0x01f7]
[    2.683370] pci 0000:00:01.1: legacy IDE quirk: reg 0x14: [io  0x03f6]
[    2.688297] pci 0000:00:01.1: legacy IDE quirk: reg 0x18: [io  0x0170-0x0177]
[    2.703082] pci 0000:00:01.1: legacy IDE quirk: reg 0x1c: [io  0x0376]
[    2.763590] ACPI: PCI Interrupt Link [LNKA] (IRQs 5 9 10 11) *0, disabled.
[    2.853338] ACPI: PCI Interrupt Link [LNKB] (IRQs 5 9 10 *11)
[    2.861100] ACPI: PCI Interrupt Link [LNKC] (IRQs 5 9 *10 11)
[    2.876180] ACPI: PCI Interrupt Link [LNKD] (IRQs 5 *9 10 11)
[    2.908610] ACPI: Enabled 2 GPEs in block 00 to 07
[    2.919173] vgaarb: setting as boot device: PCI:0000:00:02.0
[    2.925686] vgaarb: device added: PCI:0000:00:02.0,decodes=io+mem,owns=io+mem,locks=none
[    2.938094] vgaarb: loaded
[    2.940154] vgaarb: bridge control possible 0000:00:02.0
[    2.954195] SCSI subsystem initialized
[    2.957849] ACPI: bus type USB registered
[    3.017901] usbcore: registered new interface driver usbfs
[    3.049418] usbcore: registered new interface driver hub
[    3.105247] usbcore: registered new device driver usb
[    3.116646] PCI: Using ACPI for IRQ routing
[    3.125323] NetLabel: Initializing
[    3.130901] NetLabel:  domain hash size = 128
[    3.136868] NetLabel:  protocols = UNLABELED CIPSOv4
[    3.148404] NetLabel:  unlabeled traffic allowed by default
[    3.159666] clocksource: Switched to clocksource kvm-clock
[    3.184587] AppArmor: AppArmor Filesystem Enabled
[    3.200453] pnp: PnP ACPI init
[    3.214342] pnp: PnP ACPI: found 3 devices
[    3.232491] clocksource: acpi_pm: mask: 0xffffff max_cycles: 0xffffff, max_idle_ns: 2085701024 ns
[    3.351645] NET: Registered protocol family 2
[    3.367570] TCP established hash table entries: 2048 (order: 2, 16384 bytes)
[    3.373946] TCP bind hash table entries: 2048 (order: 3, 32768 bytes)
[    3.384348] TCP: Hash tables configured (established 2048 bind 2048)
[    3.398163] UDP hash table entries: 256 (order: 1, 8192 bytes)
[    3.403381] UDP-Lite hash table entries: 256 (order: 1, 8192 bytes)
[    3.407435] NET: Registered protocol family 1
[    3.417825] pci 0000:00:00.0: Limiting direct PCI/PCI transfers
[    3.430599] pci 0000:00:01.0: Activating ISA DMA hang workarounds
[    3.440713] Trying to unpack rootfs image as initramfs...
[    6.149519] Freeing initrd memory: 7296K (ffff88000f0c9000 - ffff88000f7e9000)
[    6.167490] RAPL PMU detected, API unit is 2^-32 Joules, 4 fixed counters 10737418240 ms ovfl timer
[    6.187217] hw unit of domain pp0-core 2^-0 Joules
[    6.193373] hw unit of domain package 2^-0 Joules
[    6.198094] hw unit of domain dram 2^-0 Joules
[    6.203091] hw unit of domain pp1-gpu 2^-0 Joules
[    6.212299] platform rtc_cmos: registered platform RTC device (no PNP device found)
[    6.235057] Scanning for low memory corruption every 60 seconds
[    6.240643] futex hash table entries: 256 (order: 2, 16384 bytes)
[    6.251954] audit: initializing netlink subsys (disabled)
[    6.257221] audit: type=2000 audit(1465314085.197:1): initialized
[    6.259251] Initialise system trusted keyring
[    6.277603] HugeTLB registered 2 MB page size, pre-allocated 0 pages
[    6.283055] zbud: loaded
[    6.286050] VFS: Disk quotas dquot_6.6.0
[    6.291391] VFS: Dquot-cache hash table entries: 512 (order 0, 4096 bytes)
[    6.295115] fuse init (API version 7.23)
[    6.297936] Key type big_key registered
[    6.299355] Allocating IMA MOK and blacklist keyrings.
[    6.302768] Key type asymmetric registered
[    6.304568] Asymmetric key parser 'x509' registered
[    6.308718] Block layer SCSI generic (bsg) driver version 0.4 loaded (major 249)
[    6.319864] io scheduler noop registered
[    6.330193] io scheduler deadline registered (default)
[    6.333585] io scheduler cfq registered
[    6.346818] pci_hotplug: PCI Hot Plug PCI Core version: 0.5
[    6.379351] pciehp: PCI Express Hot Plug Controller Driver version: 0.4
[    6.397212] ACPI: AC Adapter [AC] (on-line)
[    6.404684] input: Power Button as /devices/LNXSYSTM:00/LNXPWRBN:00/input/input0
[    6.427247] ACPI: Power Button [PWRF]
[    6.436867] input: Sleep Button as /devices/LNXSYSTM:00/LNXSLPBN:00/input/input1
[    6.439742] ACPI: Sleep Button [SLPF]
[    6.448078] GHES: HEST is not enabled!
[    6.450047] Serial: 8250/16550 driver, 32 ports, IRQ sharing enabled
[    6.476826] 00:02: ttyS0 at I/O 0x3f8 (irq = 4, base_baud = 115200) is a 16550A
[    6.481214] Linux agpgart interface v0.103
[    6.490584] brd: module loaded
[    6.496836] loop: module loaded
[    6.506596] scsi host0: ata_piix
[    6.514350] scsi host1: ata_piix
[    6.520358] ata1: PATA max UDMA/33 cmd 0x1f0 ctl 0x3f6 bmdma 0xd000 irq 14
[    6.531972] ata2: PATA max UDMA/33 cmd 0x170 ctl 0x376 bmdma 0xd008 irq 15
[    6.539218] libphy: Fixed MDIO Bus: probed
[    6.543264] tun: Universal TUN/TAP device driver, 1.6
[    6.551110] tun: (C) 1999-2004 Max Krasnyansky <maxk@qualcomm.com>
[    6.563431] PPP generic driver version 2.4.2
[    6.567145] ehci_hcd: USB 2.0 'Enhanced' Host Controller (EHCI) Driver
[    6.579315] ehci-pci: EHCI PCI platform driver
[    6.588823] ehci-platform: EHCI generic platform driver
[    6.604209] ohci_hcd: USB 1.1 'Open' Host Controller (OHCI) Driver
[    6.621315] ohci-pci: OHCI PCI platform driver
[    6.625515] ohci-platform: OHCI generic platform driver
[    6.627569] uhci_hcd: USB Universal Host Controller Interface driver
[    6.629936] i8042: PNP: PS/2 Controller [PNP0303:PS2K,PNP0f03:PS2M] at 0x60,0x64 irq 1,12
[    6.633616] serio: i8042 KBD port at 0x60,0x64 irq 1
[    6.638644] serio: i8042 AUX port at 0x60,0x64 irq 12
[    6.641940] mousedev: PS/2 mouse device common for all mice
[    6.644431] input: AT Translated Set 2 keyboard as /devices/platform/i8042/serio0/input/input2
[    6.647784] rtc_cmos rtc_cmos: rtc core: registered rtc_cmos as rtc0
[    6.664250] rtc_cmos rtc_cmos: alarms up to one day, 114 bytes nvram
[    6.671772] i2c /dev entries driver
[    6.677052] device-mapper: uevent: version 1.0.3
[    6.682764] device-mapper: ioctl: 4.34.0-ioctl (2015-10-28) initialised: dm-devel@redhat.com
[    6.690536] ledtrig-cpu: registered to indicate activity on CPUs
[    6.699350] NET: Registered protocol family 10
[    6.715355] NET: Registered protocol family 17
[    6.724652] Key type dns_resolver registered
[    6.765940] microcode: CPU0 sig=0x40651, pf=0x40, revision=0x0
[    6.805048] microcode: Microcode Update Driver: v2.01 <tigran@aivazian.fsnet.co.uk>, Peter Oruba
[    6.869397] registered taskstats version 1
[    6.876915] Loading compiled-in X.509 certificates
[    6.885481] Loaded X.509 cert 'Build time autogenerated kernel key: 10281ca0c0463cd0680138fff55319c9bd7d63b8'
[    6.910266] zswap: loaded using pool lzo/zbud
[    6.930531] Key type trusted registered
[    6.951146] Key type encrypted registered
[    6.957172] AppArmor: AppArmor sha1 policy hashing enabled
[    6.973280] ima: No TPM chip found, activating TPM-bypass!
[    6.983881] evm: HMAC attrs: 0x1
[    6.989844]   Magic number: 4:249:689
[    6.995147] rtc_cmos rtc_cmos: setting system clock to 2016-06-07 15:41:19 UTC (1465314079)
[    7.011162] BIOS EDD facility v0.16 2004-Jun-25, 0 devices found
[    7.017185] EDD information not available.
[    7.027410] Freeing unused kernel memory: 1480K (ffffffff81f41000 - ffffffff820b3000)
[    7.034718] Write protecting the kernel read-only data: 14336k
[    7.045261] Freeing unused kernel memory: 1868K (ffff88000182d000 - ffff880001a00000)
[    7.068381] Freeing unused kernel memory: 176K (ffff880001dd4000 - ffff880001e00000)
Loading, please wait...
starting version 229
[    7.118128] random: systemd-udevd urandom read with 3 bits of entropy available
[    7.211379] Fusion MPT base driver 3.04.20
[    7.217166] Copyright (c) 1999-2008 LSI Corporation
[    7.223134] tsc: Refined TSC clocksource calibration: 2001.295 MHz
[    7.228131] clocksource: tsc: mask: 0xffffffffffffffff max_cycles: 0x1cd8f59a4de, max_idle_ns: 440795287286 ns
[    7.247120] e1000: Intel(R) PRO/1000 Network Driver - version 7.3.21-k8-NAPI
[    7.254130] e1000: Copyright (c) 1999-2006 Intel Corporation.
[    7.352350] Fusion MPT SPI Host driver 3.04.20
[    7.367558] AVX version of gcm_enc/dec engaged.
[    7.369388] AES CTR mode by8 optimization enabled
[    7.481655] input: ImExPS/2 Generic Explorer Mouse as /devices/platform/i8042/serio1/input/input4
[    8.008450] e1000 0000:00:03.0 eth0: (PCI:33MHz:32-bit) 02:f9:5a:60:c5:89
[    8.033143] e1000 0000:00:03.0 eth0: Intel(R) PRO/1000 Network Connection
[    8.051198] mptbase: ioc0: Initiating bringup
[    8.125117] ioc0: LSI53C1030 A0: Capabilities={Initiator}
[    8.296865] scsi host2: ioc0: LSI53C1030 A0, FwRev=00000000h, Ports=1, MaxQ=256, IRQ=20
[    8.427446] scsi 2:0:0:0: Direct-Access     VBOX     HARDDISK         1.0  PQ: 0 ANSI: 5
[    8.442683] scsi target2:0:0: Beginning Domain Validation
[    8.478702] scsi target2:0:0: Domain Validation skipping write tests
[    8.483047] scsi target2:0:0: Ending Domain Validation
[    8.498303] scsi target2:0:0: asynchronous
[    8.521473] scsi 2:0:1:0: Direct-Access     VBOX     HARDDISK         1.0  PQ: 0 ANSI: 5
[    8.558550] scsi target2:0:1: Beginning Domain Validation
[    8.598096] scsi target2:0:1: Domain Validation skipping write tests
[    8.605758] scsi target2:0:1: Ending Domain Validation
[    8.619335] scsi target2:0:1: asynchronous
[    8.771833] sd 2:0:0:0: [sda] 20971520 512-byte logical blocks: (10.7 GB/10.0 GiB)
[    8.782240] sd 2:0:0:0: Attached scsi generic sg0 type 0
[    8.789436] sd 2:0:1:0: [sdb] 20480 512-byte logical blocks: (10.5 MB/10.0 MiB)
[    8.798544] sd 2:0:1:0: Attached scsi generic sg1 type 0
[    8.822162] sd 2:0:0:0: [sda] Write Protect is off
[    8.828240] sd 2:0:1:0: [sdb] Write Protect is off
[    8.837027] sd 2:0:0:0: [sda] Incomplete mode parameter data
[    8.838824] sd 2:0:0:0: [sda] Assuming drive cache: write through
[    8.842120] sd 2:0:1:0: [sdb] Incomplete mode parameter data
[    8.846510] sd 2:0:1:0: [sdb] Assuming drive cache: write through
[    9.048575] e1000 0000:00:08.0 eth1: (PCI:33MHz:32-bit) 08:00:27:0b:24:4e
[    9.113509] e1000 0000:00:08.0 eth1: Intel(R) PRO/1000 Network Connection
[    9.127744] e1000 0000:00:03.0 enp0s3: renamed from eth0
[    9.171930]  sda: sda1
[    9.187894] sd 2:0:1:0: [sdb] Attached SCSI disk
[    9.216185] e1000 0000:00:08.0 enp0s8: renamed from eth1
[    9.267961] sd 2:0:0:0: [sda] Attached SCSI disk
[   10.308732] floppy0: no floppy controllers found
Begin: Loading essential drivers ... [   12.024505] md: linear personality registered for level -1
[   12.037658] md: multipath personality registered for level -4
[   12.061116] md: raid0 personality registered for level 0
[   12.074776] md: raid1 personality registered for level 1
[   12.167762] raid6: sse2x1   gen()  3674 MB/s
[   12.243842] raid6: sse2x1   xor()  2215 MB/s
[   12.323778] raid6: sse2x2   gen()  5571 MB/s
[   12.399765] raid6: sse2x2   xor()  3234 MB/s
[   12.471824] raid6: sse2x4   gen()  6393 MB/s
[   12.543856] raid6: sse2x4   xor()  3756 MB/s
[   12.547721] raid6: using algorithm sse2x4 gen() 6393 MB/s
[   12.557362] raid6: .... xor() 3756 MB/s, rmw enabled
[   12.567018] raid6: using ssse3x2 recovery algorithm
[   12.581858] xor: automatically using best checksumming function:
[   12.639757]    avx       : 12488.000 MB/sec
[   12.650518] async_tx: api initialized (async)
[   12.680996] md: raid6 personality registered for level 6
[   12.686294] md: raid5 personality registered for level 5
[   12.692022] md: raid4 personality registered for level 4
[   12.711952] md: raid10 personality registered for level 10
done.
Begin: Running /scripts/init-premount ... done.
Begin: Mounting root file system ... Begin: Running /scripts/local-top ... done.
Begin: Running /scripts/local-premount ... [   12.786968] Btrfs loaded
Scanning for Btrfs filesystems
done.
Warning: fsck not present, so skipping root file system
[   12.956502] EXT4-fs (sda1): mounted filesystem with ordered data mode. Opts: (null)
done.
Begin: Running /scripts/local-bottom ... done.
Begin: Running /scripts/init-bottom ... Warning: overlayroot: debug is busted
done.
[   13.306097] random: nonblocking pool is initialized
[   14.284341] systemd[1]: systemd 229 running in system mode. (+PAM +AUDIT +SELINUX +IMA +APPARMOR +SMACK +SYSVINIT +UTMP +LIBCRYPTSETUP +GCRYPT +GNUTLS +ACL +XZ -LZ4 +SECCOMP +BLKID +ELFUTILS +KMOD -IDN)
[   14.335150] systemd[1]: Detected virtualization oracle.
[   14.343422] systemd[1]: Detected architecture x86-64.

Welcome to [1mUbuntu 16.04 LTS[0m!

[   14.421854] systemd[1]: Set hostname to <ubuntu-xenial>.
[   15.287949] systemd[1]: Listening on Journal Socket.
[[0;32m  OK  [0m] Listening on Journal Socket.
[   15.307794] systemd[1]: Listening on udev Kernel Socket.
[[0;32m  OK  [0m] Listening on udev Kernel Socket.
[   15.312798] systemd[1]: Reached target Encrypted Volumes.
[[0;32m  OK  [0m] Reached target Encrypted Volumes.
[   15.368215] systemd[1]: Listening on Syslog Socket.
[[0;32m  OK  [0m] Listening on Syslog Socket.
[   15.396733] systemd[1]: Listening on Journal Audit Socket.
[[0;32m  OK  [0m] Listening on Journal Audit Socket.
[   15.428220] systemd[1]: Reached target User and Group Name Lookups.
[[0;32m  OK  [0m] Reached target User and Group Name Lookups.
[   15.476154] systemd[1]: Listening on /dev/initctl Compatibility Named Pipe.
[[0;32m  OK  [0m] Listening on /dev/initctl Compatibility Named Pipe.
[   15.500075] systemd[1]: Created slice System Slice.
[[0;32m  OK  [0m] Created slice System Slice.
[   15.513486] systemd[1]: Starting Create list of required static device nodes for the current kernel...
         Starting Create list of required st... nodes for the current kernel...
[   15.543983] systemd[1]: Mounting Debug File System...
         Mounting Debug File System...
[   15.573042] systemd[1]: Mounting POSIX Message Queue File System...
         Mounting POSIX Message Queue File System...
[   15.599634] systemd[1]: Starting Remount Root and Kernel File Systems...
         Starting Remount Root and Kernel File Systems...
[   15.634706] systemd[1]: Listening on LVM2 metadata daemon socket.
[[0;32m  OK  [0m] Listening on LVM2 metadata daemon socket.
[   15.653791] systemd[1]: Listening on udev Control Socket.
[[0;32m  OK  [0m] Listening on udev Control Socket.
[   15.697269] systemd[1]: Starting Load Kernel Modules...
         [   15.712385] EXT4-fs (sda1): re-mounted. Opts: (null)
Starting Load Kernel Modules...
[   15.728766] systemd[1]: Mounting Huge Pages File System...
         Mounting Huge Pages File System...
[   15.744267] systemd[1]: Listening on Device-mapper event daemon FIFOs.
[[0;32m  OK  [0m] Listening on Device-mapper event daemon FIFOs.
[   15.761775] systemd[1]: Listening on Journal Socket (/dev/log).
[[0;32m  OK  [0m] Listening on Journal Socket (/dev/log).
[   15.774989] systemd[1]: Created slice system-getty.slice.
[[0;32m  OK  [0m] Created slice system-getty.slice.
[   15.796790] systemd[1]: Starting Uncomplicated firewall...
         Starting Uncomplicated firewall...
[   15.828395] systemd[1]: Starting Journal Service...
         Starting Journal Service...
[   15.845719] systemd[1]: Created slice system-serial\x2dgetty.slice.
[[0;32m  OK  [0m] Created slice system-serial\x2dgetty.slice.
[   15.868808] systemd[1]: Started Forward Password Requests to Wall Directory Watch.
[   15.897009] Loading iSCSI transport class v2.0-870.
[[0;32m  OK  [0m] Started Forward Password Requests to Wall Directory Watch.
[   15.921203] systemd[1]: Reached target Swap.
[[0;32m  OK  [0m] Reached target Swap.
[   15.936059] systemd[1]: Set up automount Arbitrary Executable File Formats File System Automount Point.
[[0;32m  OK  [0m] Set up automount Arbitrary Executab...ats File System Automount Point.
[   15.969190] iscsi: registered transport (tcp)
[   16.014359] systemd[1]: Starting Nameserver information manager...
         Starting Nameserver information manager...
[   16.059407] systemd[1]: Starting Monitoring of LVM2 mirrors, snapshots etc. using dmeventd or progress polling...
         Starting Monitoring of LVM2 mirrors... dmeventd or progress polling...
[   16.132955] systemd[1]: Created slice User and Session Slice.
[[0;32m  OK  [0m] Created slice User and Session Slice.
[   16.144209] systemd[1]: Reached target Slices.
[[0;32m  OK  [0m] Reached target Slices.
[   16.236081] systemd[1]: Listening on LVM2 poll daemon socket.
[[0;32m  OK  [0m] Listening on LVM2 poll daemon socket.
[   16.256249] systemd[1]: Mounted POSIX Message Queue File System.
[   16.269424] iscsi: registered transport (iser)
[[0;32m  OK  [0m] Mounted POSIX Message Queue File System.
[   16.280873] systemd[1]: Mounted Debug File System.
[[0;32m  OK  [0m] Mounted Debug File System.
[   16.288187] systemd[1]: Mounted Huge Pages File System.
[[0;32m  OK  [0m] Mounted Huge Pages File System.
[   16.293486] systemd[1]: Started Journal Service.
[[0;32m  OK  [0m] Started Journal Service.
[[0;32m  OK  [0m] Started Create list of required sta...ce nodes for the current kernel.
[[0;32m  OK  [0m] Started Remount Root and Kernel File Systems.
[[0;32m  OK  [0m] Started Load Kernel Modules.
[[0;32m  OK  [0m] Started Uncomplicated firewall.
[[0;32m  OK  [0m] Started Nameserver information manager.
[[0;32m  OK  [0m] Started LVM2 metadata daemon.
         Mounting FUSE Control File System...
         Starting Apply Kernel Variables...
         Starting udev Coldplug all Devices...
         Starting Load/Save Random Seed...
         Starting Create Static Device Nodes in /dev...
         Starting Flush Journal to Persistent Storage...
[[0;32m  OK  [0m] Mounted FUSE Control File System.
[[0;32m  OK  [0m] Started Load/Save Random Seed.
[[0;32m  OK  [0m] Started Apply Kernel Variables.
[[0;32m  OK  [0m] Started Flush Journal to Persistent Storage.
[[0;32m  OK  [0m] Started udev Coldplug all Devices.
[[0;32m  OK  [0m] Started Create Static Device Nodes in /dev.
         Starting udev Kernel Device Manager...
[[0;32m  OK  [0m] Started Monitoring of LVM2 mirrors,...ng dmeventd or progress polling.
[[0;32m  OK  [0m] Started udev Kernel Device Manager.
[[0;32m  OK  [0m] Started Dispatch Password Requests to Console Directory Watch.
[[0;32m  OK  [0m] Reached target Local File Systems (Pre).
[[0;32m  OK  [0m] Reached target Local File Systems.
         Starting Create Volatile Files and Directories...
         Starting LSB: AppArmor initialization...
         Starting Initial cloud-init job (pre-networking)...
         Starting Set console keymap...
         Starting Tell Plymouth To Write Out Runtime Data...
[[0;32m  OK  [0m] Found device /dev/ttyS0.
[[0;32m  OK  [0m] Started Tell Plymouth To Write Out Runtime Data.
[[0;32m  OK  [0m] Listening on Load/Save RF Kill Switch Status /dev/rfkill Watch.
[[0;32m  OK  [0m] Started Set console keymap.
[[0;32m  OK  [0m] Started Create Volatile Files and Directories.
         Starting Update UTMP about System Boot/Shutdown...
[[0;32m  OK  [0m] Reached target System Time Synchronized.
[[0;32m  OK  [0m] Started Update UTMP about System Boot/Shutdown.
[[0;32m  OK  [0m] Started LSB: AppArmor initialization.
[[0;32m  OK  [0m] Reached target System Initialization.
[[0;32m  OK  [0m] Listening on D-Bus System Message Bus Socket.
[[0;32m  OK  [0m] Started Daily apt activities.
         Starting LXD - unix socket.
[[0;32m  OK  [0m] Started Daily Cleanup of Temporary Directories.
[[0;32m  OK  [0m] Reached target Timers.
[[0;32m  OK  [0m] Started Trigger resolvconf update for networkd DNS.
[[0;32m  OK  [0m] Listening on UUID daemon activation socket.
         Starting Socket activation for snappy daemon.
[[0;32m  OK  [0m] Listening on ACPID Listen Socket.
[[0;32m  OK  [0m] Started ACPI Events Check.
[[0;32m  OK  [0m] Reached target Paths.
[[0;32m  OK  [0m] Listening on LXD - unix socket.
[[0;32m  OK  [0m] Listening on Socket activation for snappy daemon.
[[0;32m  OK  [0m] Reached target Sockets.
[[0;32m  OK  [0m] Reached target Basic System.
         Starting LSB: Record successful boot for GRUB...
[[0;32m  OK  [0m] Started Deferred execution scheduler.
         Starting vboxadd.service...
         Starting Accounts Service...
[[0;32m  OK  [0m] Started Regular background program processing daemon.
[[0;32m  OK  [0m] Started D-Bus System Message Bus.
[[0;32m  OK  [0m] Started FUSE filesystem for LXC.
         Starting LSB: MD monitoring daemon...
         Starting System Logging Service...
         Starting Login Service...
[[0;32m  OK  [0m] Started ACPI event daemon.
         Starting vboxadd-x11.service...
         Starting LXD - container startup/shutdown...
[[0;32m  OK  [0m] Started vboxadd-x11.service.
[[0;32m  OK  [0m] Started Login Service.
[[0;32m  OK  [0m] Started LSB: Record successful boot for GRUB.
         Starting Authenticate and Authorize Users to Run Privileged Tasks...
[[0;32m  OK  [0m] Started LSB: MD monitoring daemon.
[[0;32m  OK  [0m] Started System Logging Service.
[[0;32m  OK  [0m] Started Authenticate and Authorize Users to Run Privileged Tasks.
[[0;32m  OK  [0m] Started vboxadd.service.
[[0;32m  OK  [0m] Started Accounts Service.
         Starting vboxadd-service.service...
[[0;32m  OK  [0m] Started vboxadd-service.service.
[[0;32m  OK  [0m] Started LXD - container startup/shutdown.
[   29.114355] cloud-init[526]: Cloud-init v. 0.7.7 running 'init-local' at Tue, 07 Jun 2016 15:41:42 +0000. Up 27.41 seconds.
[[0;32m  OK  [0m] Started Initial cloud-init job (pre-networking).
[[0;32m  OK  [0m] Reached target Network (Pre).
         Starting Raise network interfaces...
[[0;32m  OK  [0m] Started ifup for enp0s3.
[[0;32m  OK  [0m] Found device 82540EM Gigabit Ethern...r (PRO/1000 MT Desktop Adapter).
[[0;32m  OK  [0m] Started Raise network interfaces.
         Starting Initial cloud-init job (metadata service crawler)...
[[0;32m  OK  [0m] Reached target Network.
[   34.352825] cloud-init[1135]: Cloud-init v. 0.7.7 running 'init' at Tue, 07 Jun 2016 15:41:46 +0000. Up 31.45 seconds.
[   34.421172] cloud-init[1135]: ci-info: ++++++++++++++++++++++++++++++++++++++Net device info++++++++++++++++++++++++++++++++++++++
[   34.464778] cloud-init[1135]: ci-info: +--------+-------+----------------------------+---------------+-------+-------------------+
[   34.477569] cloud-init[1135]: ci-info: | Device |   Up  |          Address           |      Mask     | Scope |     Hw-Address    |
[   34.517016] cloud-init[1135]: ci-info: +--------+-------+----------------------------+---------------+-------+-------------------+
[[0;32m  OK  [0m] Started Initial cloud-init job (metadata service crawler).
[[0;32m  OK  [0m] Reached target Network is Online.
[   34.559585] cloud-init[1135]: ci-info: |   lo   |  True |         127.0.0.1          |   255.0.0.0   |   .   |         .         |
         Starting /etc/rc.local Compatibility...[   34.668699] cloud-init[1135]: ci-info: |   lo   |  True |          ::1/128           |       .       |  host |         .         |
[   34.668900] cloud-init[1135]: ci-info: | enp0s8 | False |             .              |       .       |   .   | 08:00:27:0b:24:4e |
[   34.669030] cloud-init[1135]: ci-info: | enp0s3 |  True |         10.0.2.15          | 255.255.255.0 |   .   | 02:f9:5a:60:c5:89 |
[   34.669112] cloud-init[1135]: ci-info: | enp0s3 |  True | fe80::f9:5aff:fe60:c589/64 |       .       |  link | 02:f9:5a:60:c5:89 |
[   34.669188] cloud-init[1135]: ci-info: +--------+-------+----------------------------+---------------+-------+-------------------+
[   34.669262] cloud-init[1135]: ci-info: +++++++++++++++++++++++++++Route IPv4 info++++++++++++++++++++++++++++
[   34.669343] cloud-init[1135]: ci-info: +-------+-------------+----------+---------------+-----------+-------+
[   34.669417] cloud-init[1135]: ci-info: | Route | Destination | Gateway  |    Genmask    | Interface | Flags |
[   34.669489] cloud-init[1135]: ci-info: +-------+-------------+----------+---------------+-----------+-------+
[   34.669559] cloud-init[1135]: ci-info: |   0   |   0.0.0.0   | 10.0.2.2 |    0.0.0.0    |   enp0s3  |   UG  |
[   34.669630] cloud-init[1135]: ci-info: |   1   |   10.0.2.0  | 0.0.0.0  | 255.255.255.0 |   enp0s3  |   U   |
[   34.669700] cloud-init[1135]: ci-info: +-------+-------------+----------+---------------+-----------+-------+

         Starting iSCSI initiator daemon (iscsid)...
         Starting OpenBSD Secure Shell server...
[[0;32m  OK  [0m] Reached target Cloud-config availability.
         Starting Apply the settings specified in cloud-config...
[[0;32m  OK  [0m] Started /etc/rc.local Compatibility.
[[0;32m  OK  [0m] Started iSCSI initiator daemon (iscsid).
         Starting Login to default iSCSI targets...
[[0;32m  OK  [0m] Started Login to default iSCSI targets.
[[0;32m  OK  [0m] Reached target Remote File Systems (Pre).
[[0;32m  OK  [0m] Reached target Remote File Systems.
         Starting LSB: Set the CPU Frequency Scaling governor to "ondemand"...
         Starting LSB: daemon to balance interrupts for SMP systems...
         Starting LSB: automatic crash report generation...
         Starting Permit User Sessions...
[[0;32m  OK  [0m] Started Permit User Sessions.
         Starting Hold until boot process finishes up...
         Starting Terminate Plymouth Boot Screen...
[[0;32m  OK  [0m] Started Hold until boot process finishes up.
[[0;32m  OK  [0m] Started Terminate Plymouth Boot Screen.
[[0;32m  OK  [0m] Started LSB: daemon to balance interrupts for SMP systems.
[[0;32m  OK  [0m] Started Getty on tty1.
[[0;32m  OK  [0m] Started Serial Getty on ttyS0.
[[0;32m  OK  [0m] Reached target Login Prompts.
[[0;32m  OK  [0m] Started OpenBSD Secure Shell server.
[[0;32m  OK  [0m] Started LSB: Set the CPU Frequency Scaling governor to "ondemand".
[[0;32m  OK  [0m] Started LSB: automatic crash report generation.
[[0;32m  OK  [0m] Created slice User Slice of ubuntu.
         Starting User Manager for UID 1000...
[[0;32m  OK  [0m] Started User Manager for UID 1000.
[[0;32m  OK  [0m] Started Session 1 of user ubuntu.
[   36.466535] cloud-init[1195]: Cloud-init v. 0.7.7 running 'modules:config' at Tue, 07 Jun 2016 15:41:51 +0000. Up 36.25 seconds.
[[0;32m  OK  [0m] Started Apply the settings specified in cloud-config.
         Starting Execute cloud user/final scripts...
[   37.608968] cloud-init[1311]: Cloud-init v. 0.7.7 running 'modules:final' at Tue, 07 Jun 2016 15:41:52 +0000. Up 37.32 seconds.
[   37.662752] cloud-init[1311]: Cloud-init v. 0.7.7 finished at Tue, 07 Jun 2016 15:41:52 +0000. Datasource DataSourceNoCloudNet [seed=/dev/sdb][dsmode=net].  Up 37.58 seconds
[[0;32m  OK  [0m] Started Execute cloud user/final scripts.
[[0;32m  OK  [0m] Reached target Cloud-init target.
[[0;32m  OK  [0m] Reached target Multi-User System.
[[0;32m  OK  [0m] Reached target Graphical Interface.
         Starting Update UTMP about System Runlevel Changes...
[[0;32m  OK  [0m] Started Update UTMP about System Runlevel Changes.

Ubuntu 16.04 LTS ubuntu-xenial ttyS0

ubuntu-xenial login: 